Running: C:\Xilinx\14.7\ISE_DS\ISE\bin\nt64\unwrapped\fuse.exe -intstyle ise -incremental -lib secureip -o C:/Xilinx/LeccionU2/TB_MEMORIA2_isim_beh.exe -prj C:/Xilinx/LeccionU2/TB_MEMORIA2_beh.prj work.TB_MEMORIA2 
ISim P.20131013 (signature 0x7708f090)
Number of CPUs detected in this system: 4
Turning on mult-threading, number of parallel sub-compilation jobs: 8 
Determining compilation order of HDL files
Parsing VHDL file "C:/Xilinx/LeccionU2/Memoria2.vhd" into library work
Parsing VHDL file "C:/Xilinx/LeccionU2/TB_MEMORIA2.vhd" into library work
Starting static elaboration
Completed static elaboration
Compiling package standard
Compiling package std_logic_1164
Compiling package numeric_std
Compiling package std_logic_arith
Compiling package std_logic_unsigned
Compiling architecture behavioral of entity Memoria2 [memoria2_default]
Compiling architecture behavioral of entity tb_memoria2
Time Resolution for simulation is 1ps.
Waiting for 1 sub-compilation(s) to finish...
Compiled 8 VHDL Units
Built simulation executable C:/Xilinx/LeccionU2/TB_MEMORIA2_isim_beh.exe
Fuse Memory Usage: 37668 KB
Fuse CPU Usage: 514 ms
